2026-01-23 12:51:22,451 - INFO - ====== WebDriver manager ======
2026-01-23 12:51:26,257 - INFO - Get LATEST chromedriver version for google-chrome
2026-01-23 12:51:26,393 - INFO - Get LATEST chromedriver version for google-chrome
2026-01-23 12:51:26,515 - INFO - Driver [/Users/alexeykhromov/.wdm/drivers/chromedriver/mac64/144.0.7559.96/chromedriver-mac-arm64/chromedriver] found in cache
2026-01-23 12:51:27,857 - INFO - Selenium WebDriver инициализирован успешно
2026-01-23 12:51:27,857 - INFO - Начинаем парсинг Cottage.ru: https://www.cottage.ru/objects/village/
2026-01-23 12:51:48,826 - INFO - Добавлен поселок: Дмитров Дом
2026-01-23 12:51:57,072 - INFO - Добавлен поселок: Bayside Residence (Бэйсайд Резиденс)
2026-01-23 12:52:08,145 - INFO - Добавлен поселок: Пушкино Дом у воды
2026-01-23 12:52:18,085 - INFO - Добавлен поселок: Истра Дом
2026-01-23 12:52:25,942 - INFO - Добавлен поселок: Спас-Каменка
2026-01-23 12:52:34,773 - INFO - Добавлен поселок: Nordic Park Residence
2026-01-23 12:52:44,779 - INFO - Добавлен поселок: Ольховка Кантри Клаб
2026-01-23 12:52:56,735 - INFO - Добавлен поселок: Академия Парк 2.0
2026-01-23 12:53:06,889 - INFO - Добавлен поселок: Каскад Парк
2026-01-23 12:53:15,453 - INFO - Добавлен поселок: Woodside Residence
2026-01-23 12:53:15,454 - INFO - Страница 1/2: найдено поселков всего: 10
2026-01-23 12:53:31,764 - INFO - Добавлен поселок: Март Хаус 2.0
2026-01-23 12:53:40,108 - INFO - Добавлен поселок: Федоскино Парк
2026-01-23 12:53:49,057 - INFO - Добавлен поселок: Видное Клаб
2026-01-23 12:53:59,004 - INFO - Добавлен поселок: Александрия Таун
2026-01-23 12:54:07,596 - INFO - Добавлен поселок: Пятница CLUB
2026-01-23 12:54:17,702 - INFO - Добавлен поселок: Лугинино парк
2026-01-23 12:54:34,559 - INFO - Начинаем парсинг Cottage.ru: https://www.cottage.ru/objects/village/
2026-01-23 12:54:40,464 - INFO - Добавлен поселок: Дмитров Дом
2026-01-23 12:54:40,464 - INFO - Добавлен поселок: Bayside Residence (Бэйсайд Резиденс)
2026-01-23 12:54:40,465 - INFO - Добавлен поселок: Пушкино Дом у воды
2026-01-23 12:54:40,466 - INFO - Добавлен поселок: Истра Дом
2026-01-23 12:54:40,467 - INFO - Добавлен поселок: Спас-Каменка
2026-01-23 12:54:40,468 - INFO - Добавлен поселок: Nordic Park Residence
2026-01-23 12:54:40,468 - INFO - Добавлен поселок: Ольховка Кантри Клаб
2026-01-23 12:54:40,469 - INFO - Добавлен поселок: Академия Парк 2.0
2026-01-23 12:54:40,471 - INFO - Добавлен поселок: Каскад Парк
2026-01-23 12:54:40,471 - INFO - Добавлен поселок: Woodside Residence
2026-01-23 12:54:40,471 - INFO - Страница 1/2: найдено поселков всего: 10
2026-01-23 12:54:44,846 - INFO - Добавлен поселок: Март Хаус 2.0
2026-01-23 12:54:44,848 - INFO - Добавлен поселок: Федоскино Парк
2026-01-23 12:54:44,849 - INFO - Добавлен поселок: Видное Клаб
2026-01-23 12:54:44,850 - INFO - Добавлен поселок: Александрия Таун
2026-01-23 12:54:44,851 - INFO - Добавлен поселок: Пятница CLUB
2026-01-23 12:54:44,853 - INFO - Добавлен поселок: Лугинино парк
2026-01-23 12:54:44,853 - INFO - Добавлен поселок: Хюгге Хаус
2026-01-23 12:54:44,853 - INFO - Добавлен поселок: Аносино Club
2026-01-23 12:54:44,854 - INFO - Добавлен поселок: Ильинка парк
2026-01-23 12:54:44,855 - INFO - Добавлен поселок: Кембридж
2026-01-23 12:54:44,855 - INFO - Страница 2/2: найдено поселков всего: 20
2026-01-23 12:54:44,855 - INFO - Всего поселков с Cottage.ru: 20
2026-01-23 12:54:44,859 - INFO - Сохранено 20 записей в Результат парсинга информации в интернете.csv, всего: 80
2026-01-23 12:54:44,859 - INFO - Парсинг завершен. Найдено поселков: 20
