2026-01-20 18:44:46,306 - INFO - ============================================================
2026-01-20 18:44:46,306 - INFO - НАЧАЛО ПАРСИНГА КОТТЕДЖНЫХ ПОСЕЛКОВ РФ
2026-01-20 18:44:46,306 - INFO - ============================================================
2026-01-20 18:44:46,306 - INFO - Начинаем парсинг Cian.ru для региона: moskovskaya-oblast
2026-01-20 18:44:53,672 - INFO - Обработано страниц: 1/3, найдено поселков: 28
2026-01-20 18:45:01,252 - INFO - Обработано страниц: 2/3, найдено поселков: 56
2026-01-20 18:45:08,381 - INFO - Обработано страниц: 3/3, найдено поселков: 84
2026-01-20 18:45:08,381 - INFO - Всего найдено поселков на Cian.ru: 84
2026-01-20 18:45:08,382 - INFO - Обогащение данных из детальных страниц...
2026-01-20 18:45:14,435 - INFO - ============================================================
2026-01-20 18:45:14,435 - INFO - ПАРСИНГ ЗАВЕРШЕН
2026-01-20 18:45:14,435 - INFO - ============================================================
2026-01-20 18:45:14,442 - INFO - Результаты сохранены в файл: Результат парсинга информации в интернете.csv
2026-01-20 18:45:14,442 - INFO - Всего записей: 2
2026-01-20 18:45:14,442 - INFO - Целевых клиентов: 0
2026-01-20 18:47:41,104 - INFO - ============================================================
2026-01-20 18:47:41,104 - INFO - НАЧАЛО ПАРСИНГА КОТТЕДЖНЫХ ПОСЕЛКОВ РФ
2026-01-20 18:47:41,104 - INFO - ============================================================
2026-01-20 18:47:41,104 - INFO - Начинаем парсинг Cian.ru для региона: moskovskaya-oblast
2026-01-20 18:47:49,467 - INFO - Обработано страниц: 1/3, найдено карточек: 252, валидных поселков: 109, всего: 109
2026-01-20 18:47:54,091 - INFO - Обработано страниц: 2/3, найдено карточек: 252, валидных поселков: 109, всего: 218
2026-01-20 18:47:58,176 - INFO - Обработано страниц: 3/3, найдено карточек: 252, валидных поселков: 109, всего: 327
2026-01-20 18:47:58,176 - INFO - Всего найдено валидных поселков на Cian.ru: 327
2026-01-20 18:47:58,176 - INFO - Всего найдено записей до валидации: 327
2026-01-20 18:47:58,180 - INFO - После валидации осталось записей: 327
2026-01-20 18:47:58,181 - INFO - После удаления дубликатов осталось записей: 53
2026-01-20 18:47:58,181 - INFO - Обогащение данных из детальных страниц...
2026-01-20 18:48:21,600 - INFO - Обогащено записей: 5/20
2026-01-20 18:48:43,305 - INFO - Обогащено записей: 10/20
2026-01-20 18:49:03,273 - INFO - Обогащено записей: 15/20
2026-01-20 18:49:20,205 - INFO - Обогащено записей: 20/20
2026-01-20 18:49:20,205 - INFO - Обогащение завершено. Обработано записей: 20
2026-01-20 18:49:20,206 - INFO - ============================================================
2026-01-20 18:49:20,206 - INFO - ПАРСИНГ ЗАВЕРШЕН
2026-01-20 18:49:20,206 - INFO - ============================================================
2026-01-20 18:49:20,210 - INFO - Результаты сохранены в файл: Результат парсинга информации в интернете.csv
2026-01-20 18:49:20,210 - INFO - Всего записей: 53
2026-01-20 18:49:20,210 - INFO - Целевых клиентов: 0
2026-01-20 18:49:34,702 - INFO - ============================================================
2026-01-20 18:49:34,702 - INFO - НАЧАЛО ПАРСИНГА КОТТЕДЖНЫХ ПОСЕЛКОВ РФ
2026-01-20 18:49:34,702 - INFO - ============================================================
2026-01-20 18:49:34,702 - INFO - Начинаем парсинг Cian.ru для региона: moskovskaya-oblast
2026-01-20 18:49:39,253 - INFO - Обработано страниц: 1/3, найдено карточек: 252, валидных поселков: 107, всего: 107
2026-01-20 18:49:45,315 - INFO - Обработано страниц: 2/3, найдено карточек: 252, валидных поселков: 107, всего: 214
2026-01-20 18:49:51,053 - INFO - Обработано страниц: 3/3, найдено карточек: 252, валидных поселков: 107, всего: 321
2026-01-20 18:49:51,053 - INFO - Всего найдено валидных поселков на Cian.ru: 321
2026-01-20 18:49:51,053 - INFO - Всего найдено записей до валидации: 321
2026-01-20 18:49:51,058 - INFO - После валидации осталось записей: 321
2026-01-20 18:49:51,060 - INFO - После удаления дубликатов осталось записей: 52
2026-01-20 18:49:51,060 - INFO - Обогащение данных из детальных страниц...
2026-01-20 18:50:13,113 - INFO - Обогащено записей: 5/20
2026-01-20 18:50:33,479 - INFO - Обогащено записей: 10/20
2026-01-20 18:50:55,814 - INFO - Обогащено записей: 15/20
2026-01-20 18:51:16,596 - INFO - Обогащено записей: 20/20
2026-01-20 18:51:16,596 - INFO - Обогащение завершено. Обработано записей: 20
2026-01-20 18:51:16,596 - INFO - ============================================================
2026-01-20 18:51:16,596 - INFO - ПАРСИНГ ЗАВЕРШЕН
2026-01-20 18:51:16,597 - INFO - ============================================================
2026-01-20 18:51:16,600 - INFO - Результаты сохранены в файл: Результат парсинга информации в интернете.csv
2026-01-20 18:51:16,600 - INFO - Всего записей: 52
2026-01-20 18:51:16,600 - INFO - Целевых клиентов: 0
2026-01-20 19:16:45,943 - INFO - Selenium включен для получения телефонов
2026-01-20 19:16:45,944 - INFO - ====== WebDriver manager ======
2026-01-20 19:16:46,360 - INFO - Get LATEST chromedriver version for google-chrome
2026-01-20 19:16:46,648 - INFO - Get LATEST chromedriver version for google-chrome
2026-01-20 19:16:46,864 - INFO - There is no [mac64] chromedriver "143.0.7499.192" for browser google-chrome "143.0.7499" in cache
2026-01-20 19:16:46,895 - INFO - Get LATEST chromedriver version for google-chrome
2026-01-20 19:16:47,367 - INFO - WebDriver version 143.0.7499.192 selected
2026-01-20 19:16:47,370 - INFO - Modern chrome version https://storage.googleapis.com/chrome-for-testing-public/143.0.7499.192/mac-arm64/chromedriver-mac-arm64.zip
2026-01-20 19:16:47,370 - INFO - About to download new driver from https://storage.googleapis.com/chrome-for-testing-public/143.0.7499.192/mac-arm64/chromedriver-mac-arm64.zip
2026-01-20 19:16:47,638 - INFO - Driver downloading response is 200
2026-01-20 19:16:51,298 - INFO - Get LATEST chromedriver version for google-chrome
2026-01-20 19:16:51,557 - INFO - Driver has been saved in cache [/Users/alexeykhromov/.wdm/drivers/chromedriver/mac64/143.0.7499.192]
2026-01-20 19:16:53,372 - INFO - Selenium WebDriver инициализирован успешно
2026-01-20 19:16:53,373 - INFO - Источники: ['cian']
2026-01-20 19:16:53,373 - INFO - Регионы: ['moskovskaya-oblast']
2026-01-20 19:16:53,373 - INFO - Максимум страниц: 1
2026-01-20 19:16:53,373 - INFO - ============================================================
2026-01-20 19:16:53,373 - INFO - НАЧАЛО ПАРСИНГА КОТТЕДЖНЫХ ПОСЕЛКОВ РФ
2026-01-20 19:16:53,373 - INFO - ============================================================
2026-01-20 19:16:53,373 - INFO - Начинаем парсинг Cian.ru для региона: moskovskaya-oblast
2026-01-20 19:18:11,404 - INFO - Найден телефон: +79854489891
2026-01-20 19:18:11,406 - INFO - Телефон получен через Selenium: +79854489891
2026-01-20 19:18:26,124 - INFO - Найден телефон: +79862741772
2026-01-20 19:18:26,124 - INFO - Телефон получен через Selenium: +79862741772
2026-01-20 19:18:36,894 - INFO - Найден телефон: +79862741772
2026-01-20 19:18:36,896 - INFO - Телефон получен через Selenium: +79862741772
2026-01-20 19:18:52,155 - INFO - Найден телефон: +79386600124
2026-01-20 19:18:52,157 - INFO - Телефон получен через Selenium: +79386600124
2026-01-20 19:19:02,128 - INFO - Найден телефон: +79386600124
2026-01-20 19:19:02,129 - INFO - Телефон получен через Selenium: +79386600124
2026-01-20 19:19:09,637 - INFO - Найден телефон: +79230760214
2026-01-20 19:19:09,639 - INFO - Телефон получен через Selenium: +79230760214
2026-01-20 19:19:19,504 - INFO - Найден телефон: +79230760214
2026-01-20 19:19:19,505 - INFO - Телефон получен через Selenium: +79230760214
2026-01-20 19:19:27,864 - INFO - Найден телефон: +79852289110
2026-01-20 19:19:27,864 - INFO - Телефон получен через Selenium: +79852289110
2026-01-20 19:19:38,083 - INFO - Найден телефон: +79852289110
2026-01-20 19:19:38,085 - INFO - Телефон получен через Selenium: +79852289110
2026-01-20 19:19:49,751 - INFO - Найден телефон: +79862539753
2026-01-20 19:19:49,753 - INFO - Телефон получен через Selenium: +79862539753
2026-01-20 19:20:01,525 - INFO - Найден телефон: +79862539753
2026-01-20 19:20:01,526 - INFO - Телефон получен через Selenium: +79862539753
2026-01-20 19:20:15,397 - INFO - Найден телефон: +79337878952
2026-01-20 19:20:15,398 - INFO - Телефон получен через Selenium: +79337878952
2026-01-20 19:20:28,639 - INFO - Найден телефон: +79337878952
2026-01-20 19:20:28,642 - INFO - Телефон получен через Selenium: +79337878952
2026-01-20 19:20:45,496 - INFO - Найден телефон: +79175044342
2026-01-20 19:20:45,498 - INFO - Телефон получен через Selenium: +79175044342
2026-01-20 19:20:56,125 - INFO - Найден телефон: +79175044342
2026-01-20 19:20:56,126 - INFO - Телефон получен через Selenium: +79175044342
2026-01-20 19:21:09,878 - INFO - Найден телефон: +79801472530
2026-01-20 19:21:09,879 - INFO - Телефон получен через Selenium: +79801472530
2026-01-20 19:21:25,661 - INFO - Найден телефон: +79801472530
2026-01-20 19:21:25,664 - INFO - Телефон получен через Selenium: +79801472530
2026-01-20 19:39:58,867 - INFO - Selenium включен для получения телефонов
2026-01-20 19:39:58,868 - INFO - ====== WebDriver manager ======
2026-01-20 19:39:59,365 - INFO - Get LATEST chromedriver version for google-chrome
2026-01-20 19:40:00,017 - INFO - Get LATEST chromedriver version for google-chrome
2026-01-20 19:40:00,497 - INFO - Driver [/Users/alexeykhromov/.wdm/drivers/chromedriver/mac64/143.0.7499.192/chromedriver-mac-arm64/chromedriver] found in cache
2026-01-20 19:40:01,851 - INFO - Selenium WebDriver инициализирован успешно
2026-01-20 19:40:01,851 - INFO - Источники: ['cian']
2026-01-20 19:40:01,851 - INFO - Регионы: ['moskovskaya-oblast']
2026-01-20 19:40:01,851 - INFO - Максимум страниц: 2
2026-01-20 19:40:01,851 - INFO - ============================================================
2026-01-20 19:40:01,851 - INFO - НАЧАЛО ПАРСИНГА КОТТЕДЖНЫХ ПОСЕЛКОВ РФ
2026-01-20 19:40:01,851 - INFO - ============================================================
2026-01-20 19:40:01,852 - INFO - Начинаем парсинг Cian.ru для региона: moskovskaya-oblast
2026-01-20 19:40:18,266 - INFO - Найден телефон: +72304003200
2026-01-20 19:40:18,267 - INFO - Телефон получен через Selenium: +72304003200
2026-01-20 19:40:31,900 - INFO - Найден телефон: +72304003200
2026-01-20 19:40:31,901 - INFO - Телефон получен через Selenium: +72304003200
2026-01-20 19:40:41,492 - INFO - Найден телефон: +72304003200
2026-01-20 19:40:41,494 - INFO - Телефон получен через Selenium: +72304003200
2026-01-20 19:40:54,203 - INFO - Найден телефон: +79854782663
2026-01-20 19:40:54,204 - INFO - Телефон получен через Selenium: +79854782663
2026-01-20 19:41:09,312 - INFO - Найден телефон: +79854782663
2026-01-20 19:41:09,313 - INFO - Телефон получен через Selenium: +79854782663
2026-01-20 19:41:22,346 - INFO - Найден телефон: +79863043346
2026-01-20 19:41:22,348 - INFO - Телефон получен через Selenium: +79863043346
2026-01-20 19:41:33,857 - INFO - Найден телефон: +79863043346
2026-01-20 19:41:33,859 - INFO - Телефон получен через Selenium: +79863043346
2026-01-20 19:41:47,006 - INFO - Найден телефон: +79854489891
2026-01-20 19:41:47,008 - INFO - Телефон получен через Selenium: +79854489891
2026-01-20 19:41:59,718 - INFO - Найден телефон: +79854489891
2026-01-20 19:41:59,718 - INFO - Телефон получен через Selenium: +79854489891
2026-01-20 19:42:13,250 - INFO - Найден телефон: +79862741772
2026-01-20 19:42:13,252 - INFO - Телефон получен через Selenium: +79862741772
2026-01-20 19:42:25,358 - INFO - Найден телефон: +79862741772
2026-01-20 19:42:25,360 - INFO - Телефон получен через Selenium: +79862741772
2026-01-20 19:42:36,954 - INFO - Найден телефон: +79386600124
2026-01-20 19:42:36,956 - INFO - Телефон получен через Selenium: +79386600124
2026-01-20 19:42:50,084 - INFO - Найден телефон: +79386600124
2026-01-20 19:42:50,086 - INFO - Телефон получен через Selenium: +79386600124
2026-01-20 19:43:02,581 - INFO - Найден телефон: +79230760214
2026-01-20 19:43:02,582 - INFO - Телефон получен через Selenium: +79230760214
2026-01-20 19:43:12,696 - INFO - Найден телефон: +79230760214
2026-01-20 19:43:12,698 - INFO - Телефон получен через Selenium: +79230760214
2026-01-20 19:43:24,823 - INFO - Найден телефон: +79852289110
2026-01-20 19:43:24,823 - INFO - Телефон получен через Selenium: +79852289110
2026-01-20 19:43:36,929 - INFO - Найден телефон: +72818006482
2026-01-20 19:43:36,930 - INFO - Телефон получен через Selenium: +72818006482
2026-01-20 19:43:45,976 - INFO - Найден телефон: +79862539753
2026-01-20 19:43:45,978 - INFO - Телефон получен через Selenium: +79862539753
2026-01-20 19:43:56,596 - INFO - Найден телефон: +79862539753
2026-01-20 19:43:56,597 - INFO - Телефон получен через Selenium: +79862539753
2026-01-20 19:44:10,156 - INFO - Найден телефон: +79337878952
2026-01-20 19:44:10,157 - INFO - Телефон получен через Selenium: +79337878952
2026-01-20 19:44:24,926 - INFO - Найден телефон: +79337878952
2026-01-20 19:44:24,928 - INFO - Телефон получен через Selenium: +79337878952
2026-01-20 19:44:41,188 - INFO - Найден телефон: +79175044342
2026-01-20 19:44:41,190 - INFO - Телефон получен через Selenium: +79175044342
2026-01-20 19:44:52,665 - INFO - Найден телефон: +79175044342
2026-01-20 19:44:52,666 - INFO - Телефон получен через Selenium: +79175044342
2026-01-20 19:45:07,217 - INFO - Найден телефон: +79801472530
2026-01-20 19:45:07,219 - INFO - Телефон получен через Selenium: +79801472530
2026-01-20 19:45:19,054 - INFO - Найден телефон: +79801472530
2026-01-20 19:45:19,055 - INFO - Телефон получен через Selenium: +79801472530
2026-01-20 19:45:38,896 - INFO - Найден телефон: +79390248155
2026-01-20 19:45:38,900 - INFO - Телефон получен через Selenium: +79390248155
2026-01-20 19:45:50,953 - INFO - Найден телефон: +79390248155
2026-01-20 19:45:50,955 - INFO - Телефон получен через Selenium: +79390248155
2026-01-20 19:46:03,992 - INFO - Найден телефон: +79104120828
2026-01-20 19:46:03,993 - INFO - Телефон получен через Selenium: +79104120828
2026-01-20 19:46:14,623 - INFO - Найден телефон: +79104120828
2026-01-20 19:46:14,623 - INFO - Телефон получен через Selenium: +79104120828
2026-01-20 19:46:31,181 - INFO - Найден телефон: +79804026741
2026-01-20 19:46:31,182 - INFO - Телефон получен через Selenium: +79804026741
2026-01-20 19:46:43,228 - INFO - Найден телефон: +79804026741
2026-01-20 19:46:43,228 - INFO - Телефон получен через Selenium: +79804026741
2026-01-20 19:46:57,085 - INFO - Найден телефон: +79813651836
2026-01-20 19:46:57,085 - INFO - Телефон получен через Selenium: +79813651836
2026-01-20 19:47:08,757 - INFO - Найден телефон: +79813651836
2026-01-20 19:47:08,758 - INFO - Телефон получен через Selenium: +79813651836
2026-01-20 19:47:20,891 - INFO - Найден телефон: +79851445887
2026-01-20 19:47:20,895 - INFO - Телефон получен через Selenium: +79851445887
2026-01-20 19:47:32,334 - INFO - Найден телефон: +79851445887
2026-01-20 19:47:32,334 - INFO - Телефон получен через Selenium: +79851445887
2026-01-20 19:47:48,613 - INFO - Найден телефон: +79150736206
2026-01-20 19:47:48,613 - INFO - Телефон получен через Selenium: +79150736206
2026-01-20 19:48:23,100 - WARNING - Таймаут при загрузке страницы: https://www.cian.ru/cat.php?deal_type=sale&engine_version=2&kp_id=139914&object_type%5B0%5D=3&offer_type=suburban&region=1
2026-01-20 19:48:55,884 - WARNING - Таймаут при загрузке страницы: https://www.cian.ru/kottedzhnyj-poselok-shelkovo-river-93809/
2026-01-20 19:49:05,328 - INFO - Найден телефон: +79858052253
2026-01-20 19:49:05,328 - INFO - Телефон получен через Selenium: +79858052253
2026-01-20 19:49:14,966 - INFO - Найден телефон: +79843286521
2026-01-20 19:49:14,967 - INFO - Телефон получен через Selenium: +79843286521
2026-01-20 19:49:27,025 - INFO - Найден телефон: +79843286521
2026-01-20 19:49:27,026 - INFO - Телефон получен через Selenium: +79843286521
2026-01-20 19:49:37,606 - INFO - Найден телефон: +79165558736
2026-01-20 19:49:37,607 - INFO - Телефон получен через Selenium: +79165558736
2026-01-20 19:49:50,927 - INFO - Найден телефон: +79165558736
2026-01-20 19:49:50,928 - INFO - Телефон получен через Selenium: +79165558736
2026-01-20 19:50:17,837 - INFO - Найден телефон: +79230790476
2026-01-20 19:50:17,839 - INFO - Телефон получен через Selenium: +79230790476
2026-01-20 19:50:40,935 - INFO - Найден телефон: +79230790476
2026-01-20 19:50:40,935 - INFO - Телефон получен через Selenium: +79230790476
2026-01-20 19:51:07,060 - INFO - Найден телефон: +79862482114
2026-01-20 19:51:07,061 - INFO - Телефон получен через Selenium: +79862482114
2026-01-20 19:51:19,654 - INFO - Найден телефон: +79862482114
2026-01-20 19:51:19,654 - INFO - Телефон получен через Selenium: +79862482114
2026-01-20 19:51:31,997 - INFO - Найден телефон: +79230767459
2026-01-20 19:51:31,998 - INFO - Телефон получен через Selenium: +79230767459
2026-01-20 19:51:42,975 - INFO - Найден телефон: +79230767459
2026-01-20 19:51:42,976 - INFO - Телефон получен через Selenium: +79230767459
2026-01-20 19:51:55,032 - INFO - Найден телефон: +79947836528
2026-01-20 19:51:55,034 - INFO - Телефон получен через Selenium: +79947836528
2026-01-20 19:52:08,238 - INFO - Найден телефон: +79947836528
2026-01-20 19:52:08,239 - INFO - Телефон получен через Selenium: +79947836528
2026-01-20 19:52:22,397 - INFO - Найден телефон: +79230793197
2026-01-20 19:52:22,399 - INFO - Телефон получен через Selenium: +79230793197
2026-01-20 19:52:35,033 - INFO - Найден телефон: +79230793197
2026-01-20 19:52:35,034 - INFO - Телефон получен через Selenium: +79230793197
2026-01-20 19:52:41,554 - INFO - Найден телефон: +72304003200
2026-01-20 19:52:41,555 - INFO - Телефон получен через Selenium: +72304003200
2026-01-20 19:52:50,934 - INFO - Найден телефон: +79854782663
2026-01-20 19:52:50,935 - INFO - Телефон получен через Selenium: +79854782663
2026-01-20 19:53:00,333 - INFO - Найден телефон: +72304003200
2026-01-20 19:53:00,333 - INFO - Телефон получен через Selenium: +72304003200
2026-01-20 19:53:09,198 - INFO - Найден телефон: +72304003200
2026-01-20 19:53:09,199 - INFO - Телефон получен через Selenium: +72304003200
2026-01-20 19:53:18,495 - INFO - Найден телефон: +72304003200
2026-01-20 19:53:18,496 - INFO - Телефон получен через Selenium: +72304003200
2026-01-20 19:53:27,410 - INFO - Найден телефон: +79863043346
2026-01-20 19:53:27,412 - INFO - Телефон получен через Selenium: +79863043346
2026-01-20 19:53:36,934 - INFO - Найден телефон: +72304003200
2026-01-20 19:53:36,935 - INFO - Телефон получен через Selenium: +72304003200
2026-01-20 19:53:46,465 - INFO - Найден телефон: +72304003200
2026-01-20 19:53:46,467 - INFO - Телефон получен через Selenium: +72304003200
2026-01-20 19:53:55,011 - INFO - Найден телефон: +79854489891
2026-01-20 19:53:55,012 - INFO - Телефон получен через Selenium: +79854489891
2026-01-20 19:54:03,608 - INFO - Найден телефон: +72304003200
2026-01-20 19:54:03,610 - INFO - Телефон получен через Selenium: +72304003200
2026-01-20 19:54:11,874 - INFO - Найден телефон: +72304003200
2026-01-20 19:54:11,875 - INFO - Телефон получен через Selenium: +72304003200
2026-01-20 19:54:20,344 - INFO - Найден телефон: +72304003200
2026-01-20 19:54:20,345 - INFO - Телефон получен через Selenium: +72304003200
2026-01-20 19:54:31,191 - INFO - Найден телефон: +79862741772
2026-01-20 19:54:31,194 - INFO - Телефон получен через Selenium: +79862741772
2026-01-20 19:54:40,288 - INFO - Найден телефон: +72304003200
2026-01-20 19:54:40,289 - INFO - Телефон получен через Selenium: +72304003200
2026-01-20 19:54:48,840 - INFO - Найден телефон: +79386600124
2026-01-20 19:54:48,840 - INFO - Телефон получен через Selenium: +79386600124
2026-01-20 19:54:59,098 - INFO - Найден телефон: +72304003200
2026-01-20 19:54:59,099 - INFO - Телефон получен через Selenium: +72304003200
2026-01-20 19:55:07,167 - INFO - Найден телефон: +72304003200
2026-01-20 19:55:07,170 - INFO - Телефон получен через Selenium: +72304003200
2026-01-20 19:55:14,229 - INFO - Найден телефон: +79230760214
2026-01-20 19:55:14,229 - INFO - Телефон получен через Selenium: +79230760214
2026-01-20 19:55:24,767 - INFO - Найден телефон: +79852289110
2026-01-20 19:55:24,768 - INFO - Телефон получен через Selenium: +79852289110
2026-01-20 19:55:33,120 - INFO - Найден телефон: +72304003200
2026-01-20 19:55:33,121 - INFO - Телефон получен через Selenium: +72304003200
2026-01-20 19:55:41,105 - INFO - Найден телефон: +72304003200
2026-01-20 19:55:41,106 - INFO - Телефон получен через Selenium: +72304003200
2026-01-20 19:55:49,062 - INFO - Найден телефон: +72304003200
2026-01-20 19:55:49,062 - INFO - Телефон получен через Selenium: +72304003200
2026-01-20 19:55:58,688 - INFO - Найден телефон: +79862539753
2026-01-20 19:55:58,689 - INFO - Телефон получен через Selenium: +79862539753
2026-01-20 19:56:09,072 - INFO - Найден телефон: +72304003200
2026-01-20 19:56:09,072 - INFO - Телефон получен через Selenium: +72304003200
2026-01-20 19:56:20,117 - INFO - Найден телефон: +79337878952
2026-01-20 19:56:20,118 - INFO - Телефон получен через Selenium: +79337878952
2026-01-20 19:56:31,883 - INFO - Найден телефон: +72304003200
2026-01-20 19:56:31,884 - INFO - Телефон получен через Selenium: +72304003200
2026-01-20 19:56:45,559 - INFO - Найден телефон: +72304003200
2026-01-20 19:56:45,559 - INFO - Телефон получен через Selenium: +72304003200
2026-01-20 19:56:52,674 - INFO - Найден телефон: +72304003200
2026-01-20 19:56:52,675 - INFO - Телефон получен через Selenium: +72304003200
2026-01-20 19:57:00,184 - INFO - Найден телефон: +72304003200
2026-01-20 19:57:00,185 - INFO - Телефон получен через Selenium: +72304003200
2026-01-20 19:57:09,248 - INFO - Найден телефон: +79175044342
2026-01-20 19:57:09,249 - INFO - Телефон получен через Selenium: +79175044342
2026-01-20 19:57:18,117 - INFO - Найден телефон: +72304003200
2026-01-20 19:57:18,117 - INFO - Телефон получен через Selenium: +72304003200
2026-01-20 19:57:28,993 - INFO - Найден телефон: +72304003200
2026-01-20 19:57:28,994 - INFO - Телефон получен через Selenium: +72304003200
2026-01-20 19:57:37,037 - INFO - Найден телефон: +72304003200
2026-01-20 19:57:37,040 - INFO - Телефон получен через Selenium: +72304003200
2026-01-20 19:57:47,288 - INFO - Найден телефон: +79801472530
2026-01-20 19:57:47,289 - INFO - Телефон получен через Selenium: +79801472530
2026-01-20 19:57:55,600 - INFO - Найден телефон: +72304003200
2026-01-20 19:57:55,601 - INFO - Телефон получен через Selenium: +72304003200
2026-01-20 19:58:04,261 - INFO - Найден телефон: +72304003200
2026-01-20 19:58:04,262 - INFO - Телефон получен через Selenium: +72304003200
2026-01-20 19:58:09,824 - INFO - Найден телефон: +72304003200
2026-01-20 19:58:09,825 - INFO - Телефон получен через Selenium: +72304003200
2026-01-20 19:58:18,257 - INFO - Найден телефон: +79390248155
2026-01-20 19:58:18,259 - INFO - Телефон получен через Selenium: +79390248155
2026-01-20 19:58:31,112 - INFO - Найден телефон: +72304003200
2026-01-20 19:58:31,112 - INFO - Телефон получен через Selenium: +72304003200
2026-01-20 19:58:38,381 - INFO - Найден телефон: +72304003200
2026-01-20 19:58:38,382 - INFO - Телефон получен через Selenium: +72304003200
2026-01-20 19:58:45,042 - INFO - Найден телефон: +72304003200
2026-01-20 19:58:45,042 - INFO - Телефон получен через Selenium: +72304003200
2026-01-20 19:58:55,396 - INFO - Найден телефон: +79104120828
2026-01-20 19:58:55,397 - INFO - Телефон получен через Selenium: +79104120828
2026-01-20 19:59:03,490 - INFO - Найден телефон: +72304003200
2026-01-20 19:59:03,490 - INFO - Телефон получен через Selenium: +72304003200
2026-01-20 19:59:13,141 - INFO - Найден телефон: +72304003200
2026-01-20 19:59:13,143 - INFO - Телефон получен через Selenium: +72304003200
2026-01-20 19:59:22,163 - INFO - Найден телефон: +79804026741
2026-01-20 19:59:22,164 - INFO - Телефон получен через Selenium: +79804026741
2026-01-20 19:59:29,903 - INFO - Найден телефон: +72304003200
2026-01-20 19:59:29,904 - INFO - Телефон получен через Selenium: +72304003200
2026-01-20 19:59:39,845 - INFO - Найден телефон: +72304003200
2026-01-20 19:59:39,845 - INFO - Телефон получен через Selenium: +72304003200
2026-01-20 19:59:49,658 - INFO - Найден телефон: +72304003200
2026-01-20 19:59:49,660 - INFO - Телефон получен через Selenium: +72304003200
2026-01-20 19:59:58,351 - INFO - Найден телефон: +79813651836
2026-01-20 19:59:58,352 - INFO - Телефон получен через Selenium: +79813651836
2026-01-20 20:00:05,984 - INFO - Найден телефон: +72304003200
2026-01-20 20:00:05,985 - INFO - Телефон получен через Selenium: +72304003200
2026-01-20 20:00:16,710 - INFO - Найден телефон: +72304003200
2026-01-20 20:00:16,711 - INFO - Телефон получен через Selenium: +72304003200
2026-01-20 20:00:26,530 - INFO - Найден телефон: +79851445887
2026-01-20 20:00:26,531 - INFO - Телефон получен через Selenium: +79851445887
2026-01-20 20:00:33,395 - INFO - Найден телефон: +72304003200
2026-01-20 20:00:33,396 - INFO - Телефон получен через Selenium: +72304003200
2026-01-20 20:00:41,129 - INFO - Найден телефон: +72304003200
2026-01-20 20:00:41,130 - INFO - Телефон получен через Selenium: +72304003200
2026-01-20 20:00:51,585 - INFO - Найден телефон: +79150736206
2026-01-20 20:00:51,586 - INFO - Телефон получен через Selenium: +79150736206
2026-01-20 20:01:00,644 - INFO - Найден телефон: +72304003200
2026-01-20 20:01:00,645 - INFO - Телефон получен через Selenium: +72304003200
2026-01-20 20:01:11,271 - INFO - Найден телефон: +79858052253
2026-01-20 20:01:11,272 - INFO - Телефон получен через Selenium: +79858052253
2026-01-20 20:01:19,082 - INFO - Найден телефон: +72304003200
2026-01-20 20:01:19,085 - INFO - Телефон получен через Selenium: +72304003200
2026-01-20 20:01:29,375 - INFO - Найден телефон: +79843286521
2026-01-20 20:01:29,376 - INFO - Телефон получен через Selenium: +79843286521
2026-01-20 20:01:37,515 - INFO - Найден телефон: +72304003200
2026-01-20 20:01:37,516 - INFO - Телефон получен через Selenium: +72304003200
2026-01-20 20:01:44,421 - INFO - Найден телефон: +72304003200
2026-01-20 20:01:44,422 - INFO - Телефон получен через Selenium: +72304003200
2026-01-20 20:01:53,334 - INFO - Найден телефон: +79165558736
2026-01-20 20:01:53,336 - INFO - Телефон получен через Selenium: +79165558736
2026-01-20 20:02:03,701 - INFO - Найден телефон: +72304003200
2026-01-20 20:02:03,701 - INFO - Телефон получен через Selenium: +72304003200
2026-01-20 20:02:13,200 - INFO - Найден телефон: +72304003200
2026-01-20 20:02:13,201 - INFO - Телефон получен через Selenium: +72304003200
2026-01-20 20:02:21,009 - INFO - Найден телефон: +72304003200
2026-01-20 20:02:21,010 - INFO - Телефон получен через Selenium: +72304003200
2026-01-20 20:02:29,410 - INFO - Найден телефон: +79230790476
2026-01-20 20:02:29,410 - INFO - Телефон получен через Selenium: +79230790476
2026-01-20 20:02:36,985 - INFO - Найден телефон: +72304003200
2026-01-20 20:02:36,985 - INFO - Телефон получен через Selenium: +72304003200
2026-01-20 20:02:44,454 - INFO - Найден телефон: +72304003200
2026-01-20 20:02:44,454 - INFO - Телефон получен через Selenium: +72304003200
2026-01-20 20:02:53,095 - INFO - Найден телефон: +72304003200
2026-01-20 20:02:53,096 - INFO - Телефон получен через Selenium: +72304003200
2026-01-20 20:03:01,924 - INFO - Найден телефон: +79862482114
2026-01-20 20:03:01,924 - INFO - Телефон получен через Selenium: +79862482114
2026-01-20 20:03:10,768 - INFO - Найден телефон: +72304003200
2026-01-20 20:03:10,769 - INFO - Телефон получен через Selenium: +72304003200
2026-01-20 20:03:19,885 - INFO - Найден телефон: +72304003200
2026-01-20 20:03:19,885 - INFO - Телефон получен через Selenium: +72304003200
2026-01-20 20:03:28,937 - INFO - Найден телефон: +72304003200
2026-01-20 20:03:28,937 - INFO - Телефон получен через Selenium: +72304003200
2026-01-20 20:03:37,871 - INFO - Найден телефон: +79230767459
2026-01-20 20:03:37,873 - INFO - Телефон получен через Selenium: +79230767459
2026-01-20 20:03:47,220 - INFO - Найден телефон: +72304003200
2026-01-20 20:03:47,220 - INFO - Телефон получен через Selenium: +72304003200
2026-01-20 20:03:53,774 - INFO - Найден телефон: +72304003200
2026-01-20 20:03:53,775 - INFO - Телефон получен через Selenium: +72304003200
2026-01-20 20:04:00,293 - INFO - Найден телефон: +72304003200
2026-01-20 20:04:00,293 - INFO - Телефон получен через Selenium: +72304003200
2026-01-20 20:04:11,490 - INFO - Найден телефон: +79947836528
2026-01-20 20:04:11,490 - INFO - Телефон получен через Selenium: +79947836528
2026-01-20 20:04:20,012 - INFO - Найден телефон: +72304003200
2026-01-20 20:04:20,013 - INFO - Телефон получен через Selenium: +72304003200
2026-01-20 20:04:30,852 - INFO - Найден телефон: +79230793197
2026-01-20 20:04:30,853 - INFO - Телефон получен через Selenium: +79230793197
2026-01-20 20:04:44,947 - INFO - Найден телефон: +72304003200
2026-01-20 20:04:44,947 - INFO - Телефон получен через Selenium: +72304003200
2026-01-20 20:04:44,948 - INFO - Обработано страниц: 1/2, найдено карточек: 252, валидных поселков: 107, всего: 107
2026-01-20 20:04:59,759 - INFO - Найден телефон: +72304003200
2026-01-20 20:04:59,760 - INFO - Телефон получен через Selenium: +72304003200
2026-01-20 20:05:07,993 - INFO - Найден телефон: +72304003200
2026-01-20 20:05:07,993 - INFO - Телефон получен через Selenium: +72304003200
2026-01-20 20:05:16,293 - INFO - Найден телефон: +72304003200
2026-01-20 20:05:16,293 - INFO - Телефон получен через Selenium: +72304003200
2026-01-20 20:05:24,697 - INFO - Найден телефон: +79854782663
2026-01-20 20:05:24,697 - INFO - Телефон получен через Selenium: +79854782663
2026-01-20 20:05:35,571 - INFO - Найден телефон: +79854782663
2026-01-20 20:05:35,572 - INFO - Телефон получен через Selenium: +79854782663
2026-01-20 20:05:45,606 - INFO - Найден телефон: +79863043346
2026-01-20 20:05:45,607 - INFO - Телефон получен через Selenium: +79863043346
2026-01-20 20:05:55,598 - INFO - Найден телефон: +79863043346
2026-01-20 20:05:55,598 - INFO - Телефон получен через Selenium: +79863043346
2026-01-20 20:06:06,814 - INFO - Найден телефон: +79854489891
2026-01-20 20:06:06,814 - INFO - Телефон получен через Selenium: +79854489891
2026-01-20 20:06:15,681 - INFO - Найден телефон: +79854489891
2026-01-20 20:06:15,682 - INFO - Телефон получен через Selenium: +79854489891
2026-01-20 20:06:25,168 - INFO - Найден телефон: +79862741772
2026-01-20 20:06:25,170 - INFO - Телефон получен через Selenium: +79862741772
2026-01-20 20:06:34,433 - INFO - Найден телефон: +79862741772
2026-01-20 20:06:34,433 - INFO - Телефон получен через Selenium: +79862741772
2026-01-20 20:06:42,472 - INFO - Найден телефон: +79386600124
2026-01-20 20:06:42,473 - INFO - Телефон получен через Selenium: +79386600124
2026-01-20 20:06:52,939 - INFO - Найден телефон: +79386600124
2026-01-20 20:06:52,939 - INFO - Телефон получен через Selenium: +79386600124
2026-01-20 20:07:01,446 - INFO - Найден телефон: +79230760214
2026-01-20 20:07:01,447 - INFO - Телефон получен через Selenium: +79230760214
2026-01-20 20:07:13,070 - INFO - Найден телефон: +79230760214
2026-01-20 20:07:13,070 - INFO - Телефон получен через Selenium: +79230760214
2026-01-20 20:07:23,914 - INFO - Найден телефон: +79852289110
2026-01-20 20:07:23,914 - INFO - Телефон получен через Selenium: +79852289110
2026-01-20 20:07:36,647 - INFO - Найден телефон: +72818006482
2026-01-20 20:07:36,647 - INFO - Телефон получен через Selenium: +72818006482
2026-01-20 20:07:45,344 - INFO - Найден телефон: +79862539753
2026-01-20 20:07:45,345 - INFO - Телефон получен через Selenium: +79862539753
2026-01-20 20:08:03,668 - INFO - Найден телефон: +79862539753
2026-01-20 20:08:03,669 - INFO - Телефон получен через Selenium: +79862539753
2026-01-20 20:08:11,452 - INFO - Найден телефон: +79337878952
2026-01-20 20:08:11,454 - INFO - Телефон получен через Selenium: +79337878952
2026-01-20 20:08:33,395 - INFO - Найден телефон: +79337878952
2026-01-20 20:08:33,396 - INFO - Телефон получен через Selenium: +79337878952
2026-01-20 20:08:45,261 - INFO - Найден телефон: +79175044342
2026-01-20 20:08:45,262 - INFO - Телефон получен через Selenium: +79175044342
2026-01-20 20:08:56,444 - INFO - Найден телефон: +79175044342
2026-01-20 20:08:56,445 - INFO - Телефон получен через Selenium: +79175044342
2026-01-20 20:09:07,150 - INFO - Найден телефон: +79801472530
2026-01-20 20:09:07,150 - INFO - Телефон получен через Selenium: +79801472530
2026-01-20 20:09:19,193 - INFO - Найден телефон: +79801472530
2026-01-20 20:09:19,194 - INFO - Телефон получен через Selenium: +79801472530
2026-01-20 20:09:29,942 - INFO - Найден телефон: +79390248155
2026-01-20 20:09:29,944 - INFO - Телефон получен через Selenium: +79390248155
2026-01-20 20:09:41,269 - INFO - Найден телефон: +79390248155
2026-01-20 20:09:41,269 - INFO - Телефон получен через Selenium: +79390248155
2026-01-20 20:09:48,878 - INFO - Найден телефон: +79104120828
2026-01-20 20:09:48,879 - INFO - Телефон получен через Selenium: +79104120828
2026-01-20 20:10:00,507 - INFO - Найден телефон: +79104120828
2026-01-20 20:10:00,507 - INFO - Телефон получен через Selenium: +79104120828
2026-01-20 20:10:08,964 - INFO - Найден телефон: +79804026741
2026-01-20 20:10:08,965 - INFO - Телефон получен через Selenium: +79804026741
2026-01-20 20:10:18,185 - INFO - Найден телефон: +79804026741
2026-01-20 20:10:18,186 - INFO - Телефон получен через Selenium: +79804026741
2026-01-20 20:10:27,117 - INFO - Найден телефон: +79813651836
2026-01-20 20:10:27,118 - INFO - Телефон получен через Selenium: +79813651836
2026-01-20 20:10:37,381 - INFO - Найден телефон: +79813651836
2026-01-20 20:10:37,382 - INFO - Телефон получен через Selenium: +79813651836
2026-01-20 20:10:47,828 - INFO - Найден телефон: +79851445887
2026-01-20 20:10:47,829 - INFO - Телефон получен через Selenium: +79851445887
2026-01-20 20:10:59,509 - INFO - Найден телефон: +79851445887
2026-01-20 20:10:59,510 - INFO - Телефон получен через Selenium: +79851445887
2026-01-20 20:11:13,883 - INFO - Найден телефон: +79150736206
2026-01-20 20:11:13,884 - INFO - Телефон получен через Selenium: +79150736206
2026-01-20 20:11:23,710 - INFO - Найден телефон: +79150736206
2026-01-20 20:11:23,711 - INFO - Телефон получен через Selenium: +79150736206
2026-01-20 20:11:57,841 - WARNING - Таймаут при загрузке страницы: https://www.cian.ru/kottedzhnyj-poselok-shelkovo-river-93809/
2026-01-20 20:12:33,786 - INFO - Найден телефон: +79858052253
2026-01-20 20:12:33,787 - INFO - Телефон получен через Selenium: +79858052253
2026-01-20 20:12:43,469 - INFO - Найден телефон: +79843286521
2026-01-20 20:12:43,469 - INFO - Телефон получен через Selenium: +79843286521
2026-01-20 20:12:53,571 - INFO - Найден телефон: +79843286521
2026-01-20 20:12:53,572 - INFO - Телефон получен через Selenium: +79843286521
2026-01-20 20:13:01,195 - INFO - Найден телефон: +79165558736
2026-01-20 20:13:01,196 - INFO - Телефон получен через Selenium: +79165558736
2026-01-20 20:13:09,399 - INFO - Найден телефон: +79165558736
2026-01-20 20:13:09,399 - INFO - Телефон получен через Selenium: +79165558736
2026-01-20 20:13:16,882 - INFO - Найден телефон: +79230790476
2026-01-20 20:13:16,882 - INFO - Телефон получен через Selenium: +79230790476
2026-01-20 20:13:28,059 - INFO - Найден телефон: +79230790476
2026-01-20 20:13:28,059 - INFO - Телефон получен через Selenium: +79230790476
2026-01-20 20:13:39,235 - INFO - Найден телефон: +79862482114
2026-01-20 20:13:39,235 - INFO - Телефон получен через Selenium: +79862482114
2026-01-20 20:13:50,455 - INFO - Найден телефон: +79862482114
2026-01-20 20:13:50,455 - INFO - Телефон получен через Selenium: +79862482114
2026-01-20 20:14:00,843 - INFO - Найден телефон: +79230767459
2026-01-20 20:14:00,845 - INFO - Телефон получен через Selenium: +79230767459
2026-01-20 20:14:12,418 - INFO - Найден телефон: +79230767459
2026-01-20 20:14:12,418 - INFO - Телефон получен через Selenium: +79230767459
2026-01-20 20:14:22,422 - INFO - Найден телефон: +79947836528
2026-01-20 20:14:22,422 - INFO - Телефон получен через Selenium: +79947836528
2026-01-20 20:14:34,523 - INFO - Найден телефон: +79947836528
2026-01-20 20:14:34,523 - INFO - Телефон получен через Selenium: +79947836528
2026-01-20 20:14:44,834 - INFO - Найден телефон: +79230793197
2026-01-20 20:14:44,834 - INFO - Телефон получен через Selenium: +79230793197
2026-01-20 20:14:58,767 - INFO - Найден телефон: +79230793197
2026-01-20 20:14:58,768 - INFO - Телефон получен через Selenium: +79230793197
2026-01-20 20:15:07,477 - INFO - Найден телефон: +72304003200
2026-01-20 20:15:07,479 - INFO - Телефон получен через Selenium: +72304003200
2026-01-20 20:15:16,918 - INFO - Найден телефон: +79854782663
2026-01-20 20:15:16,919 - INFO - Телефон получен через Selenium: +79854782663
2026-01-20 20:15:25,459 - INFO - Найден телефон: +72304003200
2026-01-20 20:15:25,460 - INFO - Телефон получен через Selenium: +72304003200
2026-01-20 20:15:34,228 - INFO - Найден телефон: +72304003200
2026-01-20 20:15:34,229 - INFO - Телефон получен через Selenium: +72304003200
2026-01-20 20:15:42,256 - INFO - Найден телефон: +72304003200
2026-01-20 20:15:42,256 - INFO - Телефон получен через Selenium: +72304003200
2026-01-20 20:15:51,091 - INFO - Найден телефон: +79863043346
2026-01-20 20:15:51,092 - INFO - Телефон получен через Selenium: +79863043346
2026-01-20 20:15:59,076 - INFO - Найден телефон: +72304003200
2026-01-20 20:15:59,077 - INFO - Телефон получен через Selenium: +72304003200
